Terminales no usados en la gramática

   TOK_FLECHA
   TOK_ERROR
   TOK_FOR
   TOK_SWITCH
   TOK_CASE
   TOK_DEFAULT
   TOK_FLOAT
   TOK_MALLOC
   TOK_CPRINTF
   TOK_FREE
   TOK_SET
   TOK_OF
   TOK_UNION
   TOK_INTERSECTION
   TOK_ADD
   TOK_CLEAR
   TOK_SIZE
   TOK_CONTAINS
   TOK_CONSTANTE_REAL


Gramática

    0 $accept: programa $end

    1 programa: TOK_MAIN '{' declaraciones funciones sentencias '}'
    2         | TOK_MAIN '{' funciones sentencias '}'

    3 declaraciones: declaracion declaraciones
    4              | declaracion

    5 declaracion: modificadores_acceso clase identificadores ';'
    6            | modificadores_acceso declaracion_clase ';'

    7 modificadores_acceso: TOK_HIDDEN TOK_UNIQUE
    8                     | TOK_SECRET TOK_UNIQUE
    9                     | TOK_EXPOSED TOK_UNIQUE
   10                     | TOK_HIDDEN
   11                     | TOK_SECRET
   12                     | TOK_EXPOSED
   13                     | TOK_UNIQUE
   14                     | %empty

   15 clase: clase_escalar
   16      | clase_vector
   17      | clase_objeto

   18 declaracion_clase: modificadores_clase TOK_CLASS TOK_IDENTIFICADOR TOK_INHERITS identificadores '{' declaraciones funciones '}'
   19                  | modificadores_clase TOK_CLASS TOK_IDENTIFICADOR '{' declaraciones funciones '}'

   20 modificadores_clase: %empty

   21 clase_escalar: tipo

   22 tipo: TOK_INT
   23     | TOK_BOOLEAN

   24 clase_objeto: '{' TOK_IDENTIFICADOR '}'

   25 clase_vector: TOK_ARRAY tipo '[' constante_entera ']'
   26             | TOK_ARRAY tipo '[' constante_entera ',' constante_entera ']'

   27 identificadores: TOK_IDENTIFICADOR
   28                | TOK_IDENTIFICADOR ',' identificadores

   29 funciones: funcion funciones
   30          | %empty

   31 funcion: TOK_FUNCTION modificadores_acceso tipo_retorno TOK_IDENTIFICADOR '(' parametros_funcion ')' '{' declaraciones_funcion sentencias '}'

   32 tipo_retorno: TOK_NONE
   33             | tipo
   34             | clase_objeto

   35 parametros_funcion: parametro_funcion resto_parametros_funcion
   36                   | %empty

   37 resto_parametros_funcion: ';' parametro_funcion resto_parametros_funcion
   38                         | %empty

   39 parametro_funcion: tipo TOK_IDENTIFICADOR
   40                  | clase_objeto TOK_IDENTIFICADOR

   41 declaraciones_funcion: declaraciones
   42                      | %empty

   43 sentencias: sentencia
   44           | sentencia sentencias

   45 sentencia: sentencia_simple ';'
   46          | bloque

   47 sentencia_simple: asignacion
   48                 | lectura
   49                 | escritura
   50                 | retorno_funcion
   51                 | identificador_clase '.' TOK_IDENTIFICADOR '(' lista_expresiones ')'
   52                 | TOK_IDENTIFICADOR '(' lista_expresiones ')'
   53                 | destruir_objeto

   54 destruir_objeto: TOK_DISCARD TOK_IDENTIFICADOR

   55 bloque: condicional
   56       | bucle

   57 asignacion: TOK_IDENTIFICADOR '=' exp
   58           | elemento_vector '=' exp
   59           | elemento_vector '=' TOK_INSTANCE_OF TOK_IDENTIFICADOR '(' lista_expresiones ')'
   60           | TOK_IDENTIFICADOR '=' TOK_INSTANCE_OF TOK_IDENTIFICADOR '(' lista_expresiones ')'
   61           | identificador_clase '.' TOK_IDENTIFICADOR '=' exp

   62 elemento_vector: TOK_IDENTIFICADOR '[' exp ']'

   63 condicional: TOK_IF '(' exp ')' '{' sentencias '}'
   64            | TOK_IF '(' exp ')' '{' sentencias '}' TOK_ELSE '{' sentencias '}'

   65 bucle: TOK_WHILE exp '{' sentencias '}'

   66 lectura: TOK_SCANF TOK_IDENTIFICADOR
   67        | TOK_SCANF elemento_vector

   68 escritura: TOK_PRINTF exp

   69 retorno_funcion: TOK_RETURN exp
   70                | TOK_RETURN TOK_NONE

   71 exp: exp '+' exp
   72    | exp '-' exp
   73    | exp '/' exp
   74    | exp '*' exp
   75    | '-' exp
   76    | exp TOK_AND exp
   77    | exp TOK_OR exp
   78    | '!' exp
   79    | TOK_IDENTIFICADOR
   80    | constante
   81    | '(' exp ')'
   82    | '(' comparacion ')'
   83    | elemento_vector
   84    | TOK_IDENTIFICADOR '(' lista_expresiones ')'
   85    | identificador_clase TOK_IDENTIFICADOR '(' lista_expresiones ')'
   86    | identificador_clase TOK_IDENTIFICADOR

   87 identificador_clase: TOK_IDENTIFICADOR
   88                    | TOK_ITSELF

   89 lista_expresiones: exp resto_lista_expresiones
   90                  | %empty

   91 resto_lista_expresiones: ',' exp resto_lista_expresiones
   92                        | %empty

   93 comparacion: exp TOK_IGUAL exp
   94            | exp TOK_DISTINTO exp
   95            | exp TOK_MENORIGUAL exp
   96            | exp TOK_MAYORIGUAL exp
   97            | exp '<' exp
   98            | exp '>' exp

   99 constante: constante_logica
  100          | constante_entera

  101 constante_logica: TOK_TRUE
  102                 | TOK_FALSE

  103 constante_entera: TOK_CONSTANTE_ENTERA


Terminales con las reglas donde aparecen

$end (0) 0
'!' (33) 78
'(' (40) 31 51 52 59 60 63 64 81 82 84 85
')' (41) 31 51 52 59 60 63 64 81 82 84 85
'*' (42) 74
'+' (43) 71
',' (44) 26 28 91
'-' (45) 72 75
'.' (46) 51 61
'/' (47) 73
';' (59) 5 6 37 45
'<' (60) 97
'=' (61) 57 58 59 60 61
'>' (62) 98
'[' (91) 25 26 62
']' (93) 25 26 62
'{' (123) 1 2 18 19 24 31 63 64 65
'}' (125) 1 2 18 19 24 31 63 64 65
error (256)
TOK_NONE (258) 32 70
TOK_CLASS (259) 18 19
TOK_INHERITS (260) 18
TOK_INSTANCE_OF (261) 59 60
TOK_DISCARD (262) 54
TOK_ITSELF (263) 88
TOK_FLECHA (264)
TOK_HIDDEN (265) 7 10
TOK_SECRET (266) 8 11
TOK_EXPOSED (267) 9 12
TOK_UNIQUE (268) 7 8 9 13
TOK_FUNCTION (269) 31
TOK_RETURN (270) 69 70
TOK_MAIN (271) 1 2
TOK_INT (272) 22
TOK_BOOLEAN (273) 23
TOK_ARRAY (274) 25 26
TOK_IF (275) 63 64
TOK_ELSE (276) 64
TOK_WHILE (277) 65
TOK_SCANF (278) 66 67
TOK_PRINTF (279) 68
TOK_IDENTIFICADOR (280) 18 19 24 27 28 31 39 40 51 52 54 57 59 60 61
    62 66 79 84 85 86 87
TOK_IGUAL (281) 93
TOK_DISTINTO (282) 94
TOK_MENORIGUAL (283) 95
TOK_MAYORIGUAL (284) 96
TOK_OR (285) 77
TOK_AND (286) 76
TOK_CONSTANTE_ENTERA (287) 103
TOK_FALSE (288) 102
TOK_TRUE (289) 101
TOK_ERROR (290)
TOK_FOR (291)
TOK_SWITCH (292)
TOK_CASE (293)
TOK_DEFAULT (294)
TOK_FLOAT (295)
TOK_MALLOC (296)
TOK_CPRINTF (297)
TOK_FREE (298)
TOK_SET (299)
TOK_OF (300)
TOK_UNION (301)
TOK_INTERSECTION (302)
TOK_ADD (303)
TOK_CLEAR (304)
TOK_SIZE (305)
TOK_CONTAINS (306)
TOK_CONSTANTE_REAL (307)
NEG (308)


No terminales con las reglas donde aparecen

$accept (71)
    en la izquierda: 0
programa (72)
    en la izquierda: 1 2, en la derecha: 0
declaraciones (73)
    en la izquierda: 3 4, en la derecha: 1 3 18 19 41
declaracion (74)
    en la izquierda: 5 6, en la derecha: 3 4
modificadores_acceso (75)
    en la izquierda: 7 8 9 10 11 12 13 14, en la derecha: 5 6 31
clase (76)
    en la izquierda: 15 16 17, en la derecha: 5
declaracion_clase (77)
    en la izquierda: 18 19, en la derecha: 6
modificadores_clase (78)
    en la izquierda: 20, en la derecha: 18 19
clase_escalar (79)
    en la izquierda: 21, en la derecha: 15
tipo (80)
    en la izquierda: 22 23, en la derecha: 21 25 26 33 39
clase_objeto (81)
    en la izquierda: 24, en la derecha: 17 34 40
clase_vector (82)
    en la izquierda: 25 26, en la derecha: 16
identificadores (83)
    en la izquierda: 27 28, en la derecha: 5 18 28
funciones (84)
    en la izquierda: 29 30, en la derecha: 1 2 18 19 29
funcion (85)
    en la izquierda: 31, en la derecha: 29
tipo_retorno (86)
    en la izquierda: 32 33 34, en la derecha: 31
parametros_funcion (87)
    en la izquierda: 35 36, en la derecha: 31
resto_parametros_funcion (88)
    en la izquierda: 37 38, en la derecha: 35 37
parametro_funcion (89)
    en la izquierda: 39 40, en la derecha: 35 37
declaraciones_funcion (90)
    en la izquierda: 41 42, en la derecha: 31
sentencias (91)
    en la izquierda: 43 44, en la derecha: 1 2 31 44 63 64 65
sentencia (92)
    en la izquierda: 45 46, en la derecha: 43 44
sentencia_simple (93)
    en la izquierda: 47 48 49 50 51 52 53, en la derecha: 45
destruir_objeto (94)
    en la izquierda: 54, en la derecha: 53
bloque (95)
    en la izquierda: 55 56, en la derecha: 46
asignacion (96)
    en la izquierda: 57 58 59 60 61, en la derecha: 47
elemento_vector (97)
    en la izquierda: 62, en la derecha: 58 59 67 83
condicional (98)
    en la izquierda: 63 64, en la derecha: 55
bucle (99)
    en la izquierda: 65, en la derecha: 56
lectura (100)
    en la izquierda: 66 67, en la derecha: 48
escritura (101)
    en la izquierda: 68, en la derecha: 49
retorno_funcion (102)
    en la izquierda: 69 70, en la derecha: 50
exp (103)
    en la izquierda: 71 72 73 74 75 76 77 78 79 80 81 82 83 84 85 86,
    en la derecha: 57 58 61 62 63 64 65 68 69 71 72 73 74 75 76 77
    78 81 89 91 93 94 95 96 97 98
identificador_clase (104)
    en la izquierda: 87 88, en la derecha: 51 61 85 86
lista_expresiones (105)
    en la izquierda: 89 90, en la derecha: 51 52 59 60 84 85
resto_lista_expresiones (106)
    en la izquierda: 91 92, en la derecha: 89 91
comparacion (107)
    en la izquierda: 93 94 95 96 97 98, en la derecha: 82
constante (108)
    en la izquierda: 99 100, en la derecha: 80
constante_logica (109)
    en la izquierda: 101 102, en la derecha: 99
constante_entera (110)
    en la izquierda: 103, en la derecha: 25 26 100


Estado 0

    0 $accept: . programa $end

    TOK_MAIN  desplazar e ir al estado 1

    programa  ir al estado 2


Estado 1

    1 programa: TOK_MAIN . '{' declaraciones funciones sentencias '}'
    2         | TOK_MAIN . '{' funciones sentencias '}'

    '{'  desplazar e ir al estado 3


Estado 2

    0 $accept: programa . $end

    $end  desplazar e ir al estado 4


Estado 3

    1 programa: TOK_MAIN '{' . declaraciones funciones sentencias '}'
    2         | TOK_MAIN '{' . funciones sentencias '}'

    TOK_HIDDEN    desplazar e ir al estado 5
    TOK_SECRET    desplazar e ir al estado 6
    TOK_EXPOSED   desplazar e ir al estado 7
    TOK_UNIQUE    desplazar e ir al estado 8
    TOK_FUNCTION  desplazar e ir al estado 9

    TOK_CLASS    reduce usando la regla 14 (modificadores_acceso)
    TOK_INT      reduce usando la regla 14 (modificadores_acceso)
    TOK_BOOLEAN  reduce usando la regla 14 (modificadores_acceso)
    TOK_ARRAY    reduce usando la regla 14 (modificadores_acceso)
    '{'          reduce usando la regla 14 (modificadores_acceso)
    $default     reduce usando la regla 30 (funciones)

    declaraciones         ir al estado 10
    declaracion           ir al estado 11
    modificadores_acceso  ir al estado 12
    funciones             ir al estado 13
    funcion               ir al estado 14


Estado 4

    0 $accept: programa $end .

    $default  aceptar


Estado 5

    7 modificadores_acceso: TOK_HIDDEN . TOK_UNIQUE
   10                     | TOK_HIDDEN .

    TOK_UNIQUE  desplazar e ir al estado 15

    $default  reduce usando la regla 10 (modificadores_acceso)


Estado 6

    8 modificadores_acceso: TOK_SECRET . TOK_UNIQUE
   11                     | TOK_SECRET .

    TOK_UNIQUE  desplazar e ir al estado 16

    $default  reduce usando la regla 11 (modificadores_acceso)


Estado 7

    9 modificadores_acceso: TOK_EXPOSED . TOK_UNIQUE
   12                     | TOK_EXPOSED .

    TOK_UNIQUE  desplazar e ir al estado 17

    $default  reduce usando la regla 12 (modificadores_acceso)


Estado 8

   13 modificadores_acceso: TOK_UNIQUE .

    $default  reduce usando la regla 13 (modificadores_acceso)


Estado 9

   31 funcion: TOK_FUNCTION . modificadores_acceso tipo_retorno TOK_IDENTIFICADOR '(' parametros_funcion ')' '{' declaraciones_funcion sentencias '}'

    TOK_HIDDEN   desplazar e ir al estado 5
    TOK_SECRET   desplazar e ir al estado 6
    TOK_EXPOSED  desplazar e ir al estado 7
    TOK_UNIQUE   desplazar e ir al estado 8

    $default  reduce usando la regla 14 (modificadores_acceso)

    modificadores_acceso  ir al estado 18


Estado 10

    1 programa: TOK_MAIN '{' declaraciones . funciones sentencias '}'

    TOK_FUNCTION  desplazar e ir al estado 9

    $default  reduce usando la regla 30 (funciones)

    funciones  ir al estado 19
    funcion    ir al estado 14


Estado 11

    3 declaraciones: declaracion . declaraciones
    4              | declaracion .

    TOK_HIDDEN   desplazar e ir al estado 5
    TOK_SECRET   desplazar e ir al estado 6
    TOK_EXPOSED  desplazar e ir al estado 7
    TOK_UNIQUE   desplazar e ir al estado 8

    TOK_CLASS    reduce usando la regla 14 (modificadores_acceso)
    TOK_INT      reduce usando la regla 14 (modificadores_acceso)
    TOK_BOOLEAN  reduce usando la regla 14 (modificadores_acceso)
    TOK_ARRAY    reduce usando la regla 14 (modificadores_acceso)
    '{'          reduce usando la regla 14 (modificadores_acceso)
    $default     reduce usando la regla 4 (declaraciones)

    declaraciones         ir al estado 20
    declaracion           ir al estado 11
    modificadores_acceso  ir al estado 12


Estado 12

    5 declaracion: modificadores_acceso . clase identificadores ';'
    6            | modificadores_acceso . declaracion_clase ';'

    TOK_INT      desplazar e ir al estado 21
    TOK_BOOLEAN  desplazar e ir al estado 22
    TOK_ARRAY    desplazar e ir al estado 23
    '{'          desplazar e ir al estado 24

    $default  reduce usando la regla 20 (modificadores_clase)

    clase                ir al estado 25
    declaracion_clase    ir al estado 26
    modificadores_clase  ir al estado 27
    clase_escalar        ir al estado 28
    tipo                 ir al estado 29
    clase_objeto         ir al estado 30
    clase_vector         ir al estado 31


Estado 13

    2 programa: TOK_MAIN '{' funciones . sentencias '}'

    TOK_DISCARD        desplazar e ir al estado 32
    TOK_ITSELF         desplazar e ir al estado 33
    TOK_RETURN         desplazar e ir al estado 34
    TOK_IF             desplazar e ir al estado 35
    TOK_WHILE          desplazar e ir al estado 36
    TOK_SCANF          desplazar e ir al estado 37
    TOK_PRINTF         desplazar e ir al estado 38
    TOK_IDENTIFICADOR  desplazar e ir al estado 39

    sentencias           ir al estado 40
    sentencia            ir al estado 41
    sentencia_simple     ir al estado 42
    destruir_objeto      ir al estado 43
    bloque               ir al estado 44
    asignacion           ir al estado 45
    elemento_vector      ir al estado 46
    condicional          ir al estado 47
    bucle                ir al estado 48
    lectura              ir al estado 49
    escritura            ir al estado 50
    retorno_funcion      ir al estado 51
    identificador_clase  ir al estado 52


Estado 14

   29 funciones: funcion . funciones

    TOK_FUNCTION  desplazar e ir al estado 9

    $default  reduce usando la regla 30 (funciones)

    funciones  ir al estado 53
    funcion    ir al estado 14


Estado 15

    7 modificadores_acceso: TOK_HIDDEN TOK_UNIQUE .

    $default  reduce usando la regla 7 (modificadores_acceso)


Estado 16

    8 modificadores_acceso: TOK_SECRET TOK_UNIQUE .

    $default  reduce usando la regla 8 (modificadores_acceso)


Estado 17

    9 modificadores_acceso: TOK_EXPOSED TOK_UNIQUE .

    $default  reduce usando la regla 9 (modificadores_acceso)


Estado 18

   31 funcion: TOK_FUNCTION modificadores_acceso . tipo_retorno TOK_IDENTIFICADOR '(' parametros_funcion ')' '{' declaraciones_funcion sentencias '}'

    TOK_NONE     desplazar e ir al estado 54
    TOK_INT      desplazar e ir al estado 21
    TOK_BOOLEAN  desplazar e ir al estado 22
    '{'          desplazar e ir al estado 24

    tipo          ir al estado 55
    clase_objeto  ir al estado 56
    tipo_retorno  ir al estado 57


Estado 19

    1 programa: TOK_MAIN '{' declaraciones funciones . sentencias '}'

    TOK_DISCARD        desplazar e ir al estado 32
    TOK_ITSELF         desplazar e ir al estado 33
    TOK_RETURN         desplazar e ir al estado 34
    TOK_IF             desplazar e ir al estado 35
    TOK_WHILE          desplazar e ir al estado 36
    TOK_SCANF          desplazar e ir al estado 37
    TOK_PRINTF         desplazar e ir al estado 38
    TOK_IDENTIFICADOR  desplazar e ir al estado 39

    sentencias           ir al estado 58
    sentencia            ir al estado 41
    sentencia_simple     ir al estado 42
    destruir_objeto      ir al estado 43
    bloque               ir al estado 44
    asignacion           ir al estado 45
    elemento_vector      ir al estado 46
    condicional          ir al estado 47
    bucle                ir al estado 48
    lectura              ir al estado 49
    escritura            ir al estado 50
    retorno_funcion      ir al estado 51
    identificador_clase  ir al estado 52


Estado 20

    3 declaraciones: declaracion declaraciones .

    $default  reduce usando la regla 3 (declaraciones)


Estado 21

   22 tipo: TOK_INT .

    $default  reduce usando la regla 22 (tipo)


Estado 22

   23 tipo: TOK_BOOLEAN .

    $default  reduce usando la regla 23 (tipo)


Estado 23

   25 clase_vector: TOK_ARRAY . tipo '[' constante_entera ']'
   26             | TOK_ARRAY . tipo '[' constante_entera ',' constante_entera ']'

    TOK_INT      desplazar e ir al estado 21
    TOK_BOOLEAN  desplazar e ir al estado 22

    tipo  ir al estado 59


Estado 24

   24 clase_objeto: '{' . TOK_IDENTIFICADOR '}'

    TOK_IDENTIFICADOR  desplazar e ir al estado 60


Estado 25

    5 declaracion: modificadores_acceso clase . identificadores ';'

    TOK_IDENTIFICADOR  desplazar e ir al estado 61

    identificadores  ir al estado 62


Estado 26

    6 declaracion: modificadores_acceso declaracion_clase . ';'

    ';'  desplazar e ir al estado 63


Estado 27

   18 declaracion_clase: modificadores_clase . TOK_CLASS TOK_IDENTIFICADOR TOK_INHERITS identificadores '{' declaraciones funciones '}'
   19                  | modificadores_clase . TOK_CLASS TOK_IDENTIFICADOR '{' declaraciones funciones '}'

    TOK_CLASS  desplazar e ir al estado 64


Estado 28

   15 clase: clase_escalar .

    $default  reduce usando la regla 15 (clase)


Estado 29

   21 clase_escalar: tipo .

    $default  reduce usando la regla 21 (clase_escalar)


Estado 30

   17 clase: clase_objeto .

    $default  reduce usando la regla 17 (clase)


Estado 31

   16 clase: clase_vector .

    $default  reduce usando la regla 16 (clase)


Estado 32

   54 destruir_objeto: TOK_DISCARD . TOK_IDENTIFICADOR

    TOK_IDENTIFICADOR  desplazar e ir al estado 65


Estado 33

   88 identificador_clase: TOK_ITSELF .

    $default  reduce usando la regla 88 (identificador_clase)


Estado 34

   69 retorno_funcion: TOK_RETURN . exp
   70                | TOK_RETURN . TOK_NONE

    TOK_NONE              desplazar e ir al estado 66
    TOK_ITSELF            desplazar e ir al estado 33
    TOK_IDENTIFICADOR     desplazar e ir al estado 67
    TOK_CONSTANTE_ENTERA  desplazar e ir al estado 68
    TOK_FALSE             desplazar e ir al estado 69
    TOK_TRUE              desplazar e ir al estado 70
    '-'                   desplazar e ir al estado 71
    '!'                   desplazar e ir al estado 72
    '('                   desplazar e ir al estado 73

    elemento_vector      ir al estado 74
    exp                  ir al estado 75
    identificador_clase  ir al estado 76
    constante            ir al estado 77
    constante_logica     ir al estado 78
    constante_entera     ir al estado 79


Estado 35

   63 condicional: TOK_IF . '(' exp ')' '{' sentencias '}'
   64            | TOK_IF . '(' exp ')' '{' sentencias '}' TOK_ELSE '{' sentencias '}'

    '('  desplazar e ir al estado 80


Estado 36

   65 bucle: TOK_WHILE . exp '{' sentencias '}'

    TOK_ITSELF            desplazar e ir al estado 33
    TOK_IDENTIFICADOR     desplazar e ir al estado 67
    TOK_CONSTANTE_ENTERA  desplazar e ir al estado 68
    TOK_FALSE             desplazar e ir al estado 69
    TOK_TRUE              desplazar e ir al estado 70
    '-'                   desplazar e ir al estado 71
    '!'                   desplazar e ir al estado 72
    '('                   desplazar e ir al estado 73

    elemento_vector      ir al estado 74
    exp                  ir al estado 81
    identificador_clase  ir al estado 76
    constante            ir al estado 77
    constante_logica     ir al estado 78
    constante_entera     ir al estado 79


Estado 37

   66 lectura: TOK_SCANF . TOK_IDENTIFICADOR
   67        | TOK_SCANF . elemento_vector

    TOK_IDENTIFICADOR  desplazar e ir al estado 82

    elemento_vector  ir al estado 83


Estado 38

   68 escritura: TOK_PRINTF . exp

    TOK_ITSELF            desplazar e ir al estado 33
    TOK_IDENTIFICADOR     desplazar e ir al estado 67
    TOK_CONSTANTE_ENTERA  desplazar e ir al estado 68
    TOK_FALSE             desplazar e ir al estado 69
    TOK_TRUE              desplazar e ir al estado 70
    '-'                   desplazar e ir al estado 71
    '!'                   desplazar e ir al estado 72
    '('                   desplazar e ir al estado 73

    elemento_vector      ir al estado 74
    exp                  ir al estado 84
    identificador_clase  ir al estado 76
    constante            ir al estado 77
    constante_logica     ir al estado 78
    constante_entera     ir al estado 79


Estado 39

   52 sentencia_simple: TOK_IDENTIFICADOR . '(' lista_expresiones ')'
   57 asignacion: TOK_IDENTIFICADOR . '=' exp
   60           | TOK_IDENTIFICADOR . '=' TOK_INSTANCE_OF TOK_IDENTIFICADOR '(' lista_expresiones ')'
   62 elemento_vector: TOK_IDENTIFICADOR . '[' exp ']'
   87 identificador_clase: TOK_IDENTIFICADOR .

    '['  desplazar e ir al estado 85
    '('  desplazar e ir al estado 86
    '='  desplazar e ir al estado 87

    $default  reduce usando la regla 87 (identificador_clase)


Estado 40

    2 programa: TOK_MAIN '{' funciones sentencias . '}'

    '}'  desplazar e ir al estado 88


Estado 41

   43 sentencias: sentencia .
   44           | sentencia . sentencias

    TOK_DISCARD        desplazar e ir al estado 32
    TOK_ITSELF         desplazar e ir al estado 33
    TOK_RETURN         desplazar e ir al estado 34
    TOK_IF             desplazar e ir al estado 35
    TOK_WHILE          desplazar e ir al estado 36
    TOK_SCANF          desplazar e ir al estado 37
    TOK_PRINTF         desplazar e ir al estado 38
    TOK_IDENTIFICADOR  desplazar e ir al estado 39

    $default  reduce usando la regla 43 (sentencias)

    sentencias           ir al estado 89
    sentencia            ir al estado 41
    sentencia_simple     ir al estado 42
    destruir_objeto      ir al estado 43
    bloque               ir al estado 44
    asignacion           ir al estado 45
    elemento_vector      ir al estado 46
    condicional          ir al estado 47
    bucle                ir al estado 48
    lectura              ir al estado 49
    escritura            ir al estado 50
    retorno_funcion      ir al estado 51
    identificador_clase  ir al estado 52


Estado 42

   45 sentencia: sentencia_simple . ';'

    ';'  desplazar e ir al estado 90


Estado 43

   53 sentencia_simple: destruir_objeto .

    $default  reduce usando la regla 53 (sentencia_simple)


Estado 44

   46 sentencia: bloque .

    $default  reduce usando la regla 46 (sentencia)


Estado 45

   47 sentencia_simple: asignacion .

    $default  reduce usando la regla 47 (sentencia_simple)


Estado 46

   58 asignacion: elemento_vector . '=' exp
   59           | elemento_vector . '=' TOK_INSTANCE_OF TOK_IDENTIFICADOR '(' lista_expresiones ')'

    '='  desplazar e ir al estado 91


Estado 47

   55 bloque: condicional .

    $default  reduce usando la regla 55 (bloque)


Estado 48

   56 bloque: bucle .

    $default  reduce usando la regla 56 (bloque)


Estado 49

   48 sentencia_simple: lectura .

    $default  reduce usando la regla 48 (sentencia_simple)


Estado 50

   49 sentencia_simple: escritura .

    $default  reduce usando la regla 49 (sentencia_simple)


Estado 51

   50 sentencia_simple: retorno_funcion .

    $default  reduce usando la regla 50 (sentencia_simple)


Estado 52

   51 sentencia_simple: identificador_clase . '.' TOK_IDENTIFICADOR '(' lista_expresiones ')'
   61 asignacion: identificador_clase . '.' TOK_IDENTIFICADOR '=' exp

    '.'  desplazar e ir al estado 92


Estado 53

   29 funciones: funcion funciones .

    $default  reduce usando la regla 29 (funciones)


Estado 54

   32 tipo_retorno: TOK_NONE .

    $default  reduce usando la regla 32 (tipo_retorno)


Estado 55

   33 tipo_retorno: tipo .

    $default  reduce usando la regla 33 (tipo_retorno)


Estado 56

   34 tipo_retorno: clase_objeto .

    $default  reduce usando la regla 34 (tipo_retorno)


Estado 57

   31 funcion: TOK_FUNCTION modificadores_acceso tipo_retorno . TOK_IDENTIFICADOR '(' parametros_funcion ')' '{' declaraciones_funcion sentencias '}'

    TOK_IDENTIFICADOR  desplazar e ir al estado 93


Estado 58

    1 programa: TOK_MAIN '{' declaraciones funciones sentencias . '}'

    '}'  desplazar e ir al estado 94


Estado 59

   25 clase_vector: TOK_ARRAY tipo . '[' constante_entera ']'
   26             | TOK_ARRAY tipo . '[' constante_entera ',' constante_entera ']'

    '['  desplazar e ir al estado 95


Estado 60

   24 clase_objeto: '{' TOK_IDENTIFICADOR . '}'

    '}'  desplazar e ir al estado 96


Estado 61

   27 identificadores: TOK_IDENTIFICADOR .
   28                | TOK_IDENTIFICADOR . ',' identificadores

    ','  desplazar e ir al estado 97

    $default  reduce usando la regla 27 (identificadores)


Estado 62

    5 declaracion: modificadores_acceso clase identificadores . ';'

    ';'  desplazar e ir al estado 98


Estado 63

    6 declaracion: modificadores_acceso declaracion_clase ';' .

    $default  reduce usando la regla 6 (declaracion)


Estado 64

   18 declaracion_clase: modificadores_clase TOK_CLASS . TOK_IDENTIFICADOR TOK_INHERITS identificadores '{' declaraciones funciones '}'
   19                  | modificadores_clase TOK_CLASS . TOK_IDENTIFICADOR '{' declaraciones funciones '}'

    TOK_IDENTIFICADOR  desplazar e ir al estado 99


Estado 65

   54 destruir_objeto: TOK_DISCARD TOK_IDENTIFICADOR .

    $default  reduce usando la regla 54 (destruir_objeto)


Estado 66

   70 retorno_funcion: TOK_RETURN TOK_NONE .

    $default  reduce usando la regla 70 (retorno_funcion)


Estado 67

   62 elemento_vector: TOK_IDENTIFICADOR . '[' exp ']'
   79 exp: TOK_IDENTIFICADOR .
   84    | TOK_IDENTIFICADOR . '(' lista_expresiones ')'
   87 identificador_clase: TOK_IDENTIFICADOR .

    '['  desplazar e ir al estado 85
    '('  desplazar e ir al estado 100

    TOK_IDENTIFICADOR  reduce usando la regla 87 (identificador_clase)
    $default           reduce usando la regla 79 (exp)


Estado 68

  103 constante_entera: TOK_CONSTANTE_ENTERA .

    $default  reduce usando la regla 103 (constante_entera)


Estado 69

  102 constante_logica: TOK_FALSE .

    $default  reduce usando la regla 102 (constante_logica)


Estado 70

  101 constante_logica: TOK_TRUE .

    $default  reduce usando la regla 101 (constante_logica)


Estado 71

   75 exp: '-' . exp

    TOK_ITSELF            desplazar e ir al estado 33
    TOK_IDENTIFICADOR     desplazar e ir al estado 67
    TOK_CONSTANTE_ENTERA  desplazar e ir al estado 68
    TOK_FALSE             desplazar e ir al estado 69
    TOK_TRUE              desplazar e ir al estado 70
    '-'                   desplazar e ir al estado 71
    '!'                   desplazar e ir al estado 72
    '('                   desplazar e ir al estado 73

    elemento_vector      ir al estado 74
    exp                  ir al estado 101
    identificador_clase  ir al estado 76
    constante            ir al estado 77
    constante_logica     ir al estado 78
    constante_entera     ir al estado 79


Estado 72

   78 exp: '!' . exp

    TOK_ITSELF            desplazar e ir al estado 33
    TOK_IDENTIFICADOR     desplazar e ir al estado 67
    TOK_CONSTANTE_ENTERA  desplazar e ir al estado 68
    TOK_FALSE             desplazar e ir al estado 69
    TOK_TRUE              desplazar e ir al estado 70
    '-'                   desplazar e ir al estado 71
    '!'                   desplazar e ir al estado 72
    '('                   desplazar e ir al estado 73

    elemento_vector      ir al estado 74
    exp                  ir al estado 102
    identificador_clase  ir al estado 76
    constante            ir al estado 77
    constante_logica     ir al estado 78
    constante_entera     ir al estado 79


Estado 73

   81 exp: '(' . exp ')'
   82    | '(' . comparacion ')'

    TOK_ITSELF            desplazar e ir al estado 33
    TOK_IDENTIFICADOR     desplazar e ir al estado 67
    TOK_CONSTANTE_ENTERA  desplazar e ir al estado 68
    TOK_FALSE             desplazar e ir al estado 69
    TOK_TRUE              desplazar e ir al estado 70
    '-'                   desplazar e ir al estado 71
    '!'                   desplazar e ir al estado 72
    '('                   desplazar e ir al estado 73

    elemento_vector      ir al estado 74
    exp                  ir al estado 103
    identificador_clase  ir al estado 76
    comparacion          ir al estado 104
    constante            ir al estado 77
    constante_logica     ir al estado 78
    constante_entera     ir al estado 79


Estado 74

   83 exp: elemento_vector .

    $default  reduce usando la regla 83 (exp)


Estado 75

   69 retorno_funcion: TOK_RETURN exp .
   71 exp: exp . '+' exp
   72    | exp . '-' exp
   73    | exp . '/' exp
   74    | exp . '*' exp
   76    | exp . TOK_AND exp
   77    | exp . TOK_OR exp

    TOK_OR   desplazar e ir al estado 105
    TOK_AND  desplazar e ir al estado 106
    '+'      desplazar e ir al estado 107
    '-'      desplazar e ir al estado 108
    '*'      desplazar e ir al estado 109
    '/'      desplazar e ir al estado 110

    $default  reduce usando la regla 69 (retorno_funcion)


Estado 76

   85 exp: identificador_clase . TOK_IDENTIFICADOR '(' lista_expresiones ')'
   86    | identificador_clase . TOK_IDENTIFICADOR

    TOK_IDENTIFICADOR  desplazar e ir al estado 111


Estado 77

   80 exp: constante .

    $default  reduce usando la regla 80 (exp)


Estado 78

   99 constante: constante_logica .

    $default  reduce usando la regla 99 (constante)


Estado 79

  100 constante: constante_entera .

    $default  reduce usando la regla 100 (constante)


Estado 80

   63 condicional: TOK_IF '(' . exp ')' '{' sentencias '}'
   64            | TOK_IF '(' . exp ')' '{' sentencias '}' TOK_ELSE '{' sentencias '}'

    TOK_ITSELF            desplazar e ir al estado 33
    TOK_IDENTIFICADOR     desplazar e ir al estado 67
    TOK_CONSTANTE_ENTERA  desplazar e ir al estado 68
    TOK_FALSE             desplazar e ir al estado 69
    TOK_TRUE              desplazar e ir al estado 70
    '-'                   desplazar e ir al estado 71
    '!'                   desplazar e ir al estado 72
    '('                   desplazar e ir al estado 73

    elemento_vector      ir al estado 74
    exp                  ir al estado 112
    identificador_clase  ir al estado 76
    constante            ir al estado 77
    constante_logica     ir al estado 78
    constante_entera     ir al estado 79


Estado 81

   65 bucle: TOK_WHILE exp . '{' sentencias '}'
   71 exp: exp . '+' exp
   72    | exp . '-' exp
   73    | exp . '/' exp
   74    | exp . '*' exp
   76    | exp . TOK_AND exp
   77    | exp . TOK_OR exp

    TOK_OR   desplazar e ir al estado 105
    TOK_AND  desplazar e ir al estado 106
    '+'      desplazar e ir al estado 107
    '-'      desplazar e ir al estado 108
    '*'      desplazar e ir al estado 109
    '/'      desplazar e ir al estado 110
    '{'      desplazar e ir al estado 113


Estado 82

   62 elemento_vector: TOK_IDENTIFICADOR . '[' exp ']'
   66 lectura: TOK_SCANF TOK_IDENTIFICADOR .

    '['  desplazar e ir al estado 85

    $default  reduce usando la regla 66 (lectura)


Estado 83

   67 lectura: TOK_SCANF elemento_vector .

    $default  reduce usando la regla 67 (lectura)


Estado 84

   68 escritura: TOK_PRINTF exp .
   71 exp: exp . '+' exp
   72    | exp . '-' exp
   73    | exp . '/' exp
   74    | exp . '*' exp
   76    | exp . TOK_AND exp
   77    | exp . TOK_OR exp

    TOK_OR   desplazar e ir al estado 105
    TOK_AND  desplazar e ir al estado 106
    '+'      desplazar e ir al estado 107
    '-'      desplazar e ir al estado 108
    '*'      desplazar e ir al estado 109
    '/'      desplazar e ir al estado 110

    $default  reduce usando la regla 68 (escritura)


Estado 85

   62 elemento_vector: TOK_IDENTIFICADOR '[' . exp ']'

    TOK_ITSELF            desplazar e ir al estado 33
    TOK_IDENTIFICADOR     desplazar e ir al estado 67
    TOK_CONSTANTE_ENTERA  desplazar e ir al estado 68
    TOK_FALSE             desplazar e ir al estado 69
    TOK_TRUE              desplazar e ir al estado 70
    '-'                   desplazar e ir al estado 71
    '!'                   desplazar e ir al estado 72
    '('                   desplazar e ir al estado 73

    elemento_vector      ir al estado 74
    exp                  ir al estado 114
    identificador_clase  ir al estado 76
    constante            ir al estado 77
    constante_logica     ir al estado 78
    constante_entera     ir al estado 79


Estado 86

   52 sentencia_simple: TOK_IDENTIFICADOR '(' . lista_expresiones ')'

    TOK_ITSELF            desplazar e ir al estado 33
    TOK_IDENTIFICADOR     desplazar e ir al estado 67
    TOK_CONSTANTE_ENTERA  desplazar e ir al estado 68
    TOK_FALSE             desplazar e ir al estado 69
    TOK_TRUE              desplazar e ir al estado 70
    '-'                   desplazar e ir al estado 71
    '!'                   desplazar e ir al estado 72
    '('                   desplazar e ir al estado 73

    $default  reduce usando la regla 90 (lista_expresiones)

    elemento_vector      ir al estado 74
    exp                  ir al estado 115
    identificador_clase  ir al estado 76
    lista_expresiones    ir al estado 116
    constante            ir al estado 77
    constante_logica     ir al estado 78
    constante_entera     ir al estado 79


Estado 87

   57 asignacion: TOK_IDENTIFICADOR '=' . exp
   60           | TOK_IDENTIFICADOR '=' . TOK_INSTANCE_OF TOK_IDENTIFICADOR '(' lista_expresiones ')'

    TOK_INSTANCE_OF       desplazar e ir al estado 117
    TOK_ITSELF            desplazar e ir al estado 33
    TOK_IDENTIFICADOR     desplazar e ir al estado 67
    TOK_CONSTANTE_ENTERA  desplazar e ir al estado 68
    TOK_FALSE             desplazar e ir al estado 69
    TOK_TRUE              desplazar e ir al estado 70
    '-'                   desplazar e ir al estado 71
    '!'                   desplazar e ir al estado 72
    '('                   desplazar e ir al estado 73

    elemento_vector      ir al estado 74
    exp                  ir al estado 118
    identificador_clase  ir al estado 76
    constante            ir al estado 77
    constante_logica     ir al estado 78
    constante_entera     ir al estado 79


Estado 88

    2 programa: TOK_MAIN '{' funciones sentencias '}' .

    $default  reduce usando la regla 2 (programa)


Estado 89

   44 sentencias: sentencia sentencias .

    $default  reduce usando la regla 44 (sentencias)


Estado 90

   45 sentencia: sentencia_simple ';' .

    $default  reduce usando la regla 45 (sentencia)


Estado 91

   58 asignacion: elemento_vector '=' . exp
   59           | elemento_vector '=' . TOK_INSTANCE_OF TOK_IDENTIFICADOR '(' lista_expresiones ')'

    TOK_INSTANCE_OF       desplazar e ir al estado 119
    TOK_ITSELF            desplazar e ir al estado 33
    TOK_IDENTIFICADOR     desplazar e ir al estado 67
    TOK_CONSTANTE_ENTERA  desplazar e ir al estado 68
    TOK_FALSE             desplazar e ir al estado 69
    TOK_TRUE              desplazar e ir al estado 70
    '-'                   desplazar e ir al estado 71
    '!'                   desplazar e ir al estado 72
    '('                   desplazar e ir al estado 73

    elemento_vector      ir al estado 74
    exp                  ir al estado 120
    identificador_clase  ir al estado 76
    constante            ir al estado 77
    constante_logica     ir al estado 78
    constante_entera     ir al estado 79


Estado 92

   51 sentencia_simple: identificador_clase '.' . TOK_IDENTIFICADOR '(' lista_expresiones ')'
   61 asignacion: identificador_clase '.' . TOK_IDENTIFICADOR '=' exp

    TOK_IDENTIFICADOR  desplazar e ir al estado 121


Estado 93

   31 funcion: TOK_FUNCTION modificadores_acceso tipo_retorno TOK_IDENTIFICADOR . '(' parametros_funcion ')' '{' declaraciones_funcion sentencias '}'

    '('  desplazar e ir al estado 122


Estado 94

    1 programa: TOK_MAIN '{' declaraciones funciones sentencias '}' .

    $default  reduce usando la regla 1 (programa)


Estado 95

   25 clase_vector: TOK_ARRAY tipo '[' . constante_entera ']'
   26             | TOK_ARRAY tipo '[' . constante_entera ',' constante_entera ']'

    TOK_CONSTANTE_ENTERA  desplazar e ir al estado 68

    constante_entera  ir al estado 123


Estado 96

   24 clase_objeto: '{' TOK_IDENTIFICADOR '}' .

    $default  reduce usando la regla 24 (clase_objeto)


Estado 97

   28 identificadores: TOK_IDENTIFICADOR ',' . identificadores

    TOK_IDENTIFICADOR  desplazar e ir al estado 61

    identificadores  ir al estado 124


Estado 98

    5 declaracion: modificadores_acceso clase identificadores ';' .

    $default  reduce usando la regla 5 (declaracion)


Estado 99

   18 declaracion_clase: modificadores_clase TOK_CLASS TOK_IDENTIFICADOR . TOK_INHERITS identificadores '{' declaraciones funciones '}'
   19                  | modificadores_clase TOK_CLASS TOK_IDENTIFICADOR . '{' declaraciones funciones '}'

    TOK_INHERITS  desplazar e ir al estado 125
    '{'           desplazar e ir al estado 126


Estado 100

   84 exp: TOK_IDENTIFICADOR '(' . lista_expresiones ')'

    TOK_ITSELF            desplazar e ir al estado 33
    TOK_IDENTIFICADOR     desplazar e ir al estado 67
    TOK_CONSTANTE_ENTERA  desplazar e ir al estado 68
    TOK_FALSE             desplazar e ir al estado 69
    TOK_TRUE              desplazar e ir al estado 70
    '-'                   desplazar e ir al estado 71
    '!'                   desplazar e ir al estado 72
    '('                   desplazar e ir al estado 73

    $default  reduce usando la regla 90 (lista_expresiones)

    elemento_vector      ir al estado 74
    exp                  ir al estado 115
    identificador_clase  ir al estado 76
    lista_expresiones    ir al estado 127
    constante            ir al estado 77
    constante_logica     ir al estado 78
    constante_entera     ir al estado 79


Estado 101

   71 exp: exp . '+' exp
   72    | exp . '-' exp
   73    | exp . '/' exp
   74    | exp . '*' exp
   75    | '-' exp .
   76    | exp . TOK_AND exp
   77    | exp . TOK_OR exp

    $default  reduce usando la regla 75 (exp)


Estado 102

   71 exp: exp . '+' exp
   72    | exp . '-' exp
   73    | exp . '/' exp
   74    | exp . '*' exp
   76    | exp . TOK_AND exp
   77    | exp . TOK_OR exp
   78    | '!' exp .

    $default  reduce usando la regla 78 (exp)


Estado 103

   71 exp: exp . '+' exp
   72    | exp . '-' exp
   73    | exp . '/' exp
   74    | exp . '*' exp
   76    | exp . TOK_AND exp
   77    | exp . TOK_OR exp
   81    | '(' exp . ')'
   93 comparacion: exp . TOK_IGUAL exp
   94            | exp . TOK_DISTINTO exp
   95            | exp . TOK_MENORIGUAL exp
   96            | exp . TOK_MAYORIGUAL exp
   97            | exp . '<' exp
   98            | exp . '>' exp

    TOK_IGUAL       desplazar e ir al estado 128
    TOK_DISTINTO    desplazar e ir al estado 129
    TOK_MENORIGUAL  desplazar e ir al estado 130
    TOK_MAYORIGUAL  desplazar e ir al estado 131
    TOK_OR          desplazar e ir al estado 105
    TOK_AND         desplazar e ir al estado 106
    '+'             desplazar e ir al estado 107
    '-'             desplazar e ir al estado 108
    '*'             desplazar e ir al estado 109
    '/'             desplazar e ir al estado 110
    ')'             desplazar e ir al estado 132
    '<'             desplazar e ir al estado 133
    '>'             desplazar e ir al estado 134


Estado 104

   82 exp: '(' comparacion . ')'

    ')'  desplazar e ir al estado 135


Estado 105

   77 exp: exp TOK_OR . exp

    TOK_ITSELF            desplazar e ir al estado 33
    TOK_IDENTIFICADOR     desplazar e ir al estado 67
    TOK_CONSTANTE_ENTERA  desplazar e ir al estado 68
    TOK_FALSE             desplazar e ir al estado 69
    TOK_TRUE              desplazar e ir al estado 70
    '-'                   desplazar e ir al estado 71
    '!'                   desplazar e ir al estado 72
    '('                   desplazar e ir al estado 73

    elemento_vector      ir al estado 74
    exp                  ir al estado 136
    identificador_clase  ir al estado 76
    constante            ir al estado 77
    constante_logica     ir al estado 78
    constante_entera     ir al estado 79


Estado 106

   76 exp: exp TOK_AND . exp

    TOK_ITSELF            desplazar e ir al estado 33
    TOK_IDENTIFICADOR     desplazar e ir al estado 67
    TOK_CONSTANTE_ENTERA  desplazar e ir al estado 68
    TOK_FALSE             desplazar e ir al estado 69
    TOK_TRUE              desplazar e ir al estado 70
    '-'                   desplazar e ir al estado 71
    '!'                   desplazar e ir al estado 72
    '('                   desplazar e ir al estado 73

    elemento_vector      ir al estado 74
    exp                  ir al estado 137
    identificador_clase  ir al estado 76
    constante            ir al estado 77
    constante_logica     ir al estado 78
    constante_entera     ir al estado 79


Estado 107

   71 exp: exp '+' . exp

    TOK_ITSELF            desplazar e ir al estado 33
    TOK_IDENTIFICADOR     desplazar e ir al estado 67
    TOK_CONSTANTE_ENTERA  desplazar e ir al estado 68
    TOK_FALSE             desplazar e ir al estado 69
    TOK_TRUE              desplazar e ir al estado 70
    '-'                   desplazar e ir al estado 71
    '!'                   desplazar e ir al estado 72
    '('                   desplazar e ir al estado 73

    elemento_vector      ir al estado 74
    exp                  ir al estado 138
    identificador_clase  ir al estado 76
    constante            ir al estado 77
    constante_logica     ir al estado 78
    constante_entera     ir al estado 79


Estado 108

   72 exp: exp '-' . exp

    TOK_ITSELF            desplazar e ir al estado 33
    TOK_IDENTIFICADOR     desplazar e ir al estado 67
    TOK_CONSTANTE_ENTERA  desplazar e ir al estado 68
    TOK_FALSE             desplazar e ir al estado 69
    TOK_TRUE              desplazar e ir al estado 70
    '-'                   desplazar e ir al estado 71
    '!'                   desplazar e ir al estado 72
    '('                   desplazar e ir al estado 73

    elemento_vector      ir al estado 74
    exp                  ir al estado 139
    identificador_clase  ir al estado 76
    constante            ir al estado 77
    constante_logica     ir al estado 78
    constante_entera     ir al estado 79


Estado 109

   74 exp: exp '*' . exp

    TOK_ITSELF            desplazar e ir al estado 33
    TOK_IDENTIFICADOR     desplazar e ir al estado 67
    TOK_CONSTANTE_ENTERA  desplazar e ir al estado 68
    TOK_FALSE             desplazar e ir al estado 69
    TOK_TRUE              desplazar e ir al estado 70
    '-'                   desplazar e ir al estado 71
    '!'                   desplazar e ir al estado 72
    '('                   desplazar e ir al estado 73

    elemento_vector      ir al estado 74
    exp                  ir al estado 140
    identificador_clase  ir al estado 76
    constante            ir al estado 77
    constante_logica     ir al estado 78
    constante_entera     ir al estado 79


Estado 110

   73 exp: exp '/' . exp

    TOK_ITSELF            desplazar e ir al estado 33
    TOK_IDENTIFICADOR     desplazar e ir al estado 67
    TOK_CONSTANTE_ENTERA  desplazar e ir al estado 68
    TOK_FALSE             desplazar e ir al estado 69
    TOK_TRUE              desplazar e ir al estado 70
    '-'                   desplazar e ir al estado 71
    '!'                   desplazar e ir al estado 72
    '('                   desplazar e ir al estado 73

    elemento_vector      ir al estado 74
    exp                  ir al estado 141
    identificador_clase  ir al estado 76
    constante            ir al estado 77
    constante_logica     ir al estado 78
    constante_entera     ir al estado 79


Estado 111

   85 exp: identificador_clase TOK_IDENTIFICADOR . '(' lista_expresiones ')'
   86    | identificador_clase TOK_IDENTIFICADOR .

    '('  desplazar e ir al estado 142

    $default  reduce usando la regla 86 (exp)


Estado 112

   63 condicional: TOK_IF '(' exp . ')' '{' sentencias '}'
   64            | TOK_IF '(' exp . ')' '{' sentencias '}' TOK_ELSE '{' sentencias '}'
   71 exp: exp . '+' exp
   72    | exp . '-' exp
   73    | exp . '/' exp
   74    | exp . '*' exp
   76    | exp . TOK_AND exp
   77    | exp . TOK_OR exp

    TOK_OR   desplazar e ir al estado 105
    TOK_AND  desplazar e ir al estado 106
    '+'      desplazar e ir al estado 107
    '-'      desplazar e ir al estado 108
    '*'      desplazar e ir al estado 109
    '/'      desplazar e ir al estado 110
    ')'      desplazar e ir al estado 143


Estado 113

   65 bucle: TOK_WHILE exp '{' . sentencias '}'

    TOK_DISCARD        desplazar e ir al estado 32
    TOK_ITSELF         desplazar e ir al estado 33
    TOK_RETURN         desplazar e ir al estado 34
    TOK_IF             desplazar e ir al estado 35
    TOK_WHILE          desplazar e ir al estado 36
    TOK_SCANF          desplazar e ir al estado 37
    TOK_PRINTF         desplazar e ir al estado 38
    TOK_IDENTIFICADOR  desplazar e ir al estado 39

    sentencias           ir al estado 144
    sentencia            ir al estado 41
    sentencia_simple     ir al estado 42
    destruir_objeto      ir al estado 43
    bloque               ir al estado 44
    asignacion           ir al estado 45
    elemento_vector      ir al estado 46
    condicional          ir al estado 47
    bucle                ir al estado 48
    lectura              ir al estado 49
    escritura            ir al estado 50
    retorno_funcion      ir al estado 51
    identificador_clase  ir al estado 52


Estado 114

   62 elemento_vector: TOK_IDENTIFICADOR '[' exp . ']'
   71 exp: exp . '+' exp
   72    | exp . '-' exp
   73    | exp . '/' exp
   74    | exp . '*' exp
   76    | exp . TOK_AND exp
   77    | exp . TOK_OR exp

    TOK_OR   desplazar e ir al estado 105
    TOK_AND  desplazar e ir al estado 106
    '+'      desplazar e ir al estado 107
    '-'      desplazar e ir al estado 108
    '*'      desplazar e ir al estado 109
    '/'      desplazar e ir al estado 110
    ']'      desplazar e ir al estado 145


Estado 115

   71 exp: exp . '+' exp
   72    | exp . '-' exp
   73    | exp . '/' exp
   74    | exp . '*' exp
   76    | exp . TOK_AND exp
   77    | exp . TOK_OR exp
   89 lista_expresiones: exp . resto_lista_expresiones

    TOK_OR   desplazar e ir al estado 105
    TOK_AND  desplazar e ir al estado 106
    '+'      desplazar e ir al estado 107
    '-'      desplazar e ir al estado 108
    '*'      desplazar e ir al estado 109
    '/'      desplazar e ir al estado 110
    ','      desplazar e ir al estado 146

    $default  reduce usando la regla 92 (resto_lista_expresiones)

    resto_lista_expresiones  ir al estado 147


Estado 116

   52 sentencia_simple: TOK_IDENTIFICADOR '(' lista_expresiones . ')'

    ')'  desplazar e ir al estado 148


Estado 117

   60 asignacion: TOK_IDENTIFICADOR '=' TOK_INSTANCE_OF . TOK_IDENTIFICADOR '(' lista_expresiones ')'

    TOK_IDENTIFICADOR  desplazar e ir al estado 149


Estado 118

   57 asignacion: TOK_IDENTIFICADOR '=' exp .
   71 exp: exp . '+' exp
   72    | exp . '-' exp
   73    | exp . '/' exp
   74    | exp . '*' exp
   76    | exp . TOK_AND exp
   77    | exp . TOK_OR exp

    TOK_OR   desplazar e ir al estado 105
    TOK_AND  desplazar e ir al estado 106
    '+'      desplazar e ir al estado 107
    '-'      desplazar e ir al estado 108
    '*'      desplazar e ir al estado 109
    '/'      desplazar e ir al estado 110

    $default  reduce usando la regla 57 (asignacion)


Estado 119

   59 asignacion: elemento_vector '=' TOK_INSTANCE_OF . TOK_IDENTIFICADOR '(' lista_expresiones ')'

    TOK_IDENTIFICADOR  desplazar e ir al estado 150


Estado 120

   58 asignacion: elemento_vector '=' exp .
   71 exp: exp . '+' exp
   72    | exp . '-' exp
   73    | exp . '/' exp
   74    | exp . '*' exp
   76    | exp . TOK_AND exp
   77    | exp . TOK_OR exp

    TOK_OR   desplazar e ir al estado 105
    TOK_AND  desplazar e ir al estado 106
    '+'      desplazar e ir al estado 107
    '-'      desplazar e ir al estado 108
    '*'      desplazar e ir al estado 109
    '/'      desplazar e ir al estado 110

    $default  reduce usando la regla 58 (asignacion)


Estado 121

   51 sentencia_simple: identificador_clase '.' TOK_IDENTIFICADOR . '(' lista_expresiones ')'
   61 asignacion: identificador_clase '.' TOK_IDENTIFICADOR . '=' exp

    '('  desplazar e ir al estado 151
    '='  desplazar e ir al estado 152


Estado 122

   31 funcion: TOK_FUNCTION modificadores_acceso tipo_retorno TOK_IDENTIFICADOR '(' . parametros_funcion ')' '{' declaraciones_funcion sentencias '}'

    TOK_INT      desplazar e ir al estado 21
    TOK_BOOLEAN  desplazar e ir al estado 22
    '{'          desplazar e ir al estado 24

    $default  reduce usando la regla 36 (parametros_funcion)

    tipo                ir al estado 153
    clase_objeto        ir al estado 154
    parametros_funcion  ir al estado 155
    parametro_funcion   ir al estado 156


Estado 123

   25 clase_vector: TOK_ARRAY tipo '[' constante_entera . ']'
   26             | TOK_ARRAY tipo '[' constante_entera . ',' constante_entera ']'

    ']'  desplazar e ir al estado 157
    ','  desplazar e ir al estado 158


Estado 124

   28 identificadores: TOK_IDENTIFICADOR ',' identificadores .

    $default  reduce usando la regla 28 (identificadores)


Estado 125

   18 declaracion_clase: modificadores_clase TOK_CLASS TOK_IDENTIFICADOR TOK_INHERITS . identificadores '{' declaraciones funciones '}'

    TOK_IDENTIFICADOR  desplazar e ir al estado 61

    identificadores  ir al estado 159


Estado 126

   19 declaracion_clase: modificadores_clase TOK_CLASS TOK_IDENTIFICADOR '{' . declaraciones funciones '}'

    TOK_HIDDEN   desplazar e ir al estado 5
    TOK_SECRET   desplazar e ir al estado 6
    TOK_EXPOSED  desplazar e ir al estado 7
    TOK_UNIQUE   desplazar e ir al estado 8

    $default  reduce usando la regla 14 (modificadores_acceso)

    declaraciones         ir al estado 160
    declaracion           ir al estado 11
    modificadores_acceso  ir al estado 12


Estado 127

   84 exp: TOK_IDENTIFICADOR '(' lista_expresiones . ')'

    ')'  desplazar e ir al estado 161


Estado 128

   93 comparacion: exp TOK_IGUAL . exp

    TOK_ITSELF            desplazar e ir al estado 33
    TOK_IDENTIFICADOR     desplazar e ir al estado 67
    TOK_CONSTANTE_ENTERA  desplazar e ir al estado 68
    TOK_FALSE             desplazar e ir al estado 69
    TOK_TRUE              desplazar e ir al estado 70
    '-'                   desplazar e ir al estado 71
    '!'                   desplazar e ir al estado 72
    '('                   desplazar e ir al estado 73

    elemento_vector      ir al estado 74
    exp                  ir al estado 162
    identificador_clase  ir al estado 76
    constante            ir al estado 77
    constante_logica     ir al estado 78
    constante_entera     ir al estado 79


Estado 129

   94 comparacion: exp TOK_DISTINTO . exp

    TOK_ITSELF            desplazar e ir al estado 33
    TOK_IDENTIFICADOR     desplazar e ir al estado 67
    TOK_CONSTANTE_ENTERA  desplazar e ir al estado 68
    TOK_FALSE             desplazar e ir al estado 69
    TOK_TRUE              desplazar e ir al estado 70
    '-'                   desplazar e ir al estado 71
    '!'                   desplazar e ir al estado 72
    '('                   desplazar e ir al estado 73

    elemento_vector      ir al estado 74
    exp                  ir al estado 163
    identificador_clase  ir al estado 76
    constante            ir al estado 77
    constante_logica     ir al estado 78
    constante_entera     ir al estado 79


Estado 130

   95 comparacion: exp TOK_MENORIGUAL . exp

    TOK_ITSELF            desplazar e ir al estado 33
    TOK_IDENTIFICADOR     desplazar e ir al estado 67
    TOK_CONSTANTE_ENTERA  desplazar e ir al estado 68
    TOK_FALSE             desplazar e ir al estado 69
    TOK_TRUE              desplazar e ir al estado 70
    '-'                   desplazar e ir al estado 71
    '!'                   desplazar e ir al estado 72
    '('                   desplazar e ir al estado 73

    elemento_vector      ir al estado 74
    exp                  ir al estado 164
    identificador_clase  ir al estado 76
    constante            ir al estado 77
    constante_logica     ir al estado 78
    constante_entera     ir al estado 79


Estado 131

   96 comparacion: exp TOK_MAYORIGUAL . exp

    TOK_ITSELF            desplazar e ir al estado 33
    TOK_IDENTIFICADOR     desplazar e ir al estado 67
    TOK_CONSTANTE_ENTERA  desplazar e ir al estado 68
    TOK_FALSE             desplazar e ir al estado 69
    TOK_TRUE              desplazar e ir al estado 70
    '-'                   desplazar e ir al estado 71
    '!'                   desplazar e ir al estado 72
    '('                   desplazar e ir al estado 73

    elemento_vector      ir al estado 74
    exp                  ir al estado 165
    identificador_clase  ir al estado 76
    constante            ir al estado 77
    constante_logica     ir al estado 78
    constante_entera     ir al estado 79


Estado 132

   81 exp: '(' exp ')' .

    $default  reduce usando la regla 81 (exp)


Estado 133

   97 comparacion: exp '<' . exp

    TOK_ITSELF            desplazar e ir al estado 33
    TOK_IDENTIFICADOR     desplazar e ir al estado 67
    TOK_CONSTANTE_ENTERA  desplazar e ir al estado 68
    TOK_FALSE             desplazar e ir al estado 69
    TOK_TRUE              desplazar e ir al estado 70
    '-'                   desplazar e ir al estado 71
    '!'                   desplazar e ir al estado 72
    '('                   desplazar e ir al estado 73

    elemento_vector      ir al estado 74
    exp                  ir al estado 166
    identificador_clase  ir al estado 76
    constante            ir al estado 77
    constante_logica     ir al estado 78
    constante_entera     ir al estado 79


Estado 134

   98 comparacion: exp '>' . exp

    TOK_ITSELF            desplazar e ir al estado 33
    TOK_IDENTIFICADOR     desplazar e ir al estado 67
    TOK_CONSTANTE_ENTERA  desplazar e ir al estado 68
    TOK_FALSE             desplazar e ir al estado 69
    TOK_TRUE              desplazar e ir al estado 70
    '-'                   desplazar e ir al estado 71
    '!'                   desplazar e ir al estado 72
    '('                   desplazar e ir al estado 73

    elemento_vector      ir al estado 74
    exp                  ir al estado 167
    identificador_clase  ir al estado 76
    constante            ir al estado 77
    constante_logica     ir al estado 78
    constante_entera     ir al estado 79


Estado 135

   82 exp: '(' comparacion ')' .

    $default  reduce usando la regla 82 (exp)


Estado 136

   71 exp: exp . '+' exp
   72    | exp . '-' exp
   73    | exp . '/' exp
   74    | exp . '*' exp
   76    | exp . TOK_AND exp
   77    | exp . TOK_OR exp
   77    | exp TOK_OR exp .

    TOK_AND  desplazar e ir al estado 106
    '*'      desplazar e ir al estado 109
    '/'      desplazar e ir al estado 110

    $default  reduce usando la regla 77 (exp)


Estado 137

   71 exp: exp . '+' exp
   72    | exp . '-' exp
   73    | exp . '/' exp
   74    | exp . '*' exp
   76    | exp . TOK_AND exp
   76    | exp TOK_AND exp .
   77    | exp . TOK_OR exp

    $default  reduce usando la regla 76 (exp)


Estado 138

   71 exp: exp . '+' exp
   71    | exp '+' exp .
   72    | exp . '-' exp
   73    | exp . '/' exp
   74    | exp . '*' exp
   76    | exp . TOK_AND exp
   77    | exp . TOK_OR exp

    TOK_AND  desplazar e ir al estado 106
    '*'      desplazar e ir al estado 109
    '/'      desplazar e ir al estado 110

    $default  reduce usando la regla 71 (exp)


Estado 139

   71 exp: exp . '+' exp
   72    | exp . '-' exp
   72    | exp '-' exp .
   73    | exp . '/' exp
   74    | exp . '*' exp
   76    | exp . TOK_AND exp
   77    | exp . TOK_OR exp

    TOK_AND  desplazar e ir al estado 106
    '*'      desplazar e ir al estado 109
    '/'      desplazar e ir al estado 110

    $default  reduce usando la regla 72 (exp)


Estado 140

   71 exp: exp . '+' exp
   72    | exp . '-' exp
   73    | exp . '/' exp
   74    | exp . '*' exp
   74    | exp '*' exp .
   76    | exp . TOK_AND exp
   77    | exp . TOK_OR exp

    $default  reduce usando la regla 74 (exp)


Estado 141

   71 exp: exp . '+' exp
   72    | exp . '-' exp
   73    | exp . '/' exp
   73    | exp '/' exp .
   74    | exp . '*' exp
   76    | exp . TOK_AND exp
   77    | exp . TOK_OR exp

    $default  reduce usando la regla 73 (exp)


Estado 142

   85 exp: identificador_clase TOK_IDENTIFICADOR '(' . lista_expresiones ')'

    TOK_ITSELF            desplazar e ir al estado 33
    TOK_IDENTIFICADOR     desplazar e ir al estado 67
    TOK_CONSTANTE_ENTERA  desplazar e ir al estado 68
    TOK_FALSE             desplazar e ir al estado 69
    TOK_TRUE              desplazar e ir al estado 70
    '-'                   desplazar e ir al estado 71
    '!'                   desplazar e ir al estado 72
    '('                   desplazar e ir al estado 73

    $default  reduce usando la regla 90 (lista_expresiones)

    elemento_vector      ir al estado 74
    exp                  ir al estado 115
    identificador_clase  ir al estado 76
    lista_expresiones    ir al estado 168
    constante            ir al estado 77
    constante_logica     ir al estado 78
    constante_entera     ir al estado 79


Estado 143

   63 condicional: TOK_IF '(' exp ')' . '{' sentencias '}'
   64            | TOK_IF '(' exp ')' . '{' sentencias '}' TOK_ELSE '{' sentencias '}'

    '{'  desplazar e ir al estado 169


Estado 144

   65 bucle: TOK_WHILE exp '{' sentencias . '}'

    '}'  desplazar e ir al estado 170


Estado 145

   62 elemento_vector: TOK_IDENTIFICADOR '[' exp ']' .

    $default  reduce usando la regla 62 (elemento_vector)


Estado 146

   91 resto_lista_expresiones: ',' . exp resto_lista_expresiones

    TOK_ITSELF            desplazar e ir al estado 33
    TOK_IDENTIFICADOR     desplazar e ir al estado 67
    TOK_CONSTANTE_ENTERA  desplazar e ir al estado 68
    TOK_FALSE             desplazar e ir al estado 69
    TOK_TRUE              desplazar e ir al estado 70
    '-'                   desplazar e ir al estado 71
    '!'                   desplazar e ir al estado 72
    '('                   desplazar e ir al estado 73

    elemento_vector      ir al estado 74
    exp                  ir al estado 171
    identificador_clase  ir al estado 76
    constante            ir al estado 77
    constante_logica     ir al estado 78
    constante_entera     ir al estado 79


Estado 147

   89 lista_expresiones: exp resto_lista_expresiones .

    $default  reduce usando la regla 89 (lista_expresiones)


Estado 148

   52 sentencia_simple: TOK_IDENTIFICADOR '(' lista_expresiones ')' .

    $default  reduce usando la regla 52 (sentencia_simple)


Estado 149

   60 asignacion: TOK_IDENTIFICADOR '=' TOK_INSTANCE_OF TOK_IDENTIFICADOR . '(' lista_expresiones ')'

    '('  desplazar e ir al estado 172


Estado 150

   59 asignacion: elemento_vector '=' TOK_INSTANCE_OF TOK_IDENTIFICADOR . '(' lista_expresiones ')'

    '('  desplazar e ir al estado 173


Estado 151

   51 sentencia_simple: identificador_clase '.' TOK_IDENTIFICADOR '(' . lista_expresiones ')'

    TOK_ITSELF            desplazar e ir al estado 33
    TOK_IDENTIFICADOR     desplazar e ir al estado 67
    TOK_CONSTANTE_ENTERA  desplazar e ir al estado 68
    TOK_FALSE             desplazar e ir al estado 69
    TOK_TRUE              desplazar e ir al estado 70
    '-'                   desplazar e ir al estado 71
    '!'                   desplazar e ir al estado 72
    '('                   desplazar e ir al estado 73

    $default  reduce usando la regla 90 (lista_expresiones)

    elemento_vector      ir al estado 74
    exp                  ir al estado 115
    identificador_clase  ir al estado 76
    lista_expresiones    ir al estado 174
    constante            ir al estado 77
    constante_logica     ir al estado 78
    constante_entera     ir al estado 79


Estado 152

   61 asignacion: identificador_clase '.' TOK_IDENTIFICADOR '=' . exp

    TOK_ITSELF            desplazar e ir al estado 33
    TOK_IDENTIFICADOR     desplazar e ir al estado 67
    TOK_CONSTANTE_ENTERA  desplazar e ir al estado 68
    TOK_FALSE             desplazar e ir al estado 69
    TOK_TRUE              desplazar e ir al estado 70
    '-'                   desplazar e ir al estado 71
    '!'                   desplazar e ir al estado 72
    '('                   desplazar e ir al estado 73

    elemento_vector      ir al estado 74
    exp                  ir al estado 175
    identificador_clase  ir al estado 76
    constante            ir al estado 77
    constante_logica     ir al estado 78
    constante_entera     ir al estado 79


Estado 153

   39 parametro_funcion: tipo . TOK_IDENTIFICADOR

    TOK_IDENTIFICADOR  desplazar e ir al estado 176


Estado 154

   40 parametro_funcion: clase_objeto . TOK_IDENTIFICADOR

    TOK_IDENTIFICADOR  desplazar e ir al estado 177


Estado 155

   31 funcion: TOK_FUNCTION modificadores_acceso tipo_retorno TOK_IDENTIFICADOR '(' parametros_funcion . ')' '{' declaraciones_funcion sentencias '}'

    ')'  desplazar e ir al estado 178


Estado 156

   35 parametros_funcion: parametro_funcion . resto_parametros_funcion

    ';'  desplazar e ir al estado 179

    $default  reduce usando la regla 38 (resto_parametros_funcion)

    resto_parametros_funcion  ir al estado 180


Estado 157

   25 clase_vector: TOK_ARRAY tipo '[' constante_entera ']' .

    $default  reduce usando la regla 25 (clase_vector)


Estado 158

   26 clase_vector: TOK_ARRAY tipo '[' constante_entera ',' . constante_entera ']'

    TOK_CONSTANTE_ENTERA  desplazar e ir al estado 68

    constante_entera  ir al estado 181


Estado 159

   18 declaracion_clase: modificadores_clase TOK_CLASS TOK_IDENTIFICADOR TOK_INHERITS identificadores . '{' declaraciones funciones '}'

    '{'  desplazar e ir al estado 182


Estado 160

   19 declaracion_clase: modificadores_clase TOK_CLASS TOK_IDENTIFICADOR '{' declaraciones . funciones '}'

    TOK_FUNCTION  desplazar e ir al estado 9

    $default  reduce usando la regla 30 (funciones)

    funciones  ir al estado 183
    funcion    ir al estado 14


Estado 161

   84 exp: TOK_IDENTIFICADOR '(' lista_expresiones ')' .

    $default  reduce usando la regla 84 (exp)


Estado 162

   71 exp: exp . '+' exp
   72    | exp . '-' exp
   73    | exp . '/' exp
   74    | exp . '*' exp
   76    | exp . TOK_AND exp
   77    | exp . TOK_OR exp
   93 comparacion: exp TOK_IGUAL exp .

    TOK_OR   desplazar e ir al estado 105
    TOK_AND  desplazar e ir al estado 106
    '+'      desplazar e ir al estado 107
    '-'      desplazar e ir al estado 108
    '*'      desplazar e ir al estado 109
    '/'      desplazar e ir al estado 110

    $default  reduce usando la regla 93 (comparacion)


Estado 163

   71 exp: exp . '+' exp
   72    | exp . '-' exp
   73    | exp . '/' exp
   74    | exp . '*' exp
   76    | exp . TOK_AND exp
   77    | exp . TOK_OR exp
   94 comparacion: exp TOK_DISTINTO exp .

    TOK_OR   desplazar e ir al estado 105
    TOK_AND  desplazar e ir al estado 106
    '+'      desplazar e ir al estado 107
    '-'      desplazar e ir al estado 108
    '*'      desplazar e ir al estado 109
    '/'      desplazar e ir al estado 110

    $default  reduce usando la regla 94 (comparacion)


Estado 164

   71 exp: exp . '+' exp
   72    | exp . '-' exp
   73    | exp . '/' exp
   74    | exp . '*' exp
   76    | exp . TOK_AND exp
   77    | exp . TOK_OR exp
   95 comparacion: exp TOK_MENORIGUAL exp .

    TOK_OR   desplazar e ir al estado 105
    TOK_AND  desplazar e ir al estado 106
    '+'      desplazar e ir al estado 107
    '-'      desplazar e ir al estado 108
    '*'      desplazar e ir al estado 109
    '/'      desplazar e ir al estado 110

    $default  reduce usando la regla 95 (comparacion)


Estado 165

   71 exp: exp . '+' exp
   72    | exp . '-' exp
   73    | exp . '/' exp
   74    | exp . '*' exp
   76    | exp . TOK_AND exp
   77    | exp . TOK_OR exp
   96 comparacion: exp TOK_MAYORIGUAL exp .

    TOK_OR   desplazar e ir al estado 105
    TOK_AND  desplazar e ir al estado 106
    '+'      desplazar e ir al estado 107
    '-'      desplazar e ir al estado 108
    '*'      desplazar e ir al estado 109
    '/'      desplazar e ir al estado 110

    $default  reduce usando la regla 96 (comparacion)


Estado 166

   71 exp: exp . '+' exp
   72    | exp . '-' exp
   73    | exp . '/' exp
   74    | exp . '*' exp
   76    | exp . TOK_AND exp
   77    | exp . TOK_OR exp
   97 comparacion: exp '<' exp .

    TOK_OR   desplazar e ir al estado 105
    TOK_AND  desplazar e ir al estado 106
    '+'      desplazar e ir al estado 107
    '-'      desplazar e ir al estado 108
    '*'      desplazar e ir al estado 109
    '/'      desplazar e ir al estado 110

    $default  reduce usando la regla 97 (comparacion)


Estado 167

   71 exp: exp . '+' exp
   72    | exp . '-' exp
   73    | exp . '/' exp
   74    | exp . '*' exp
   76    | exp . TOK_AND exp
   77    | exp . TOK_OR exp
   98 comparacion: exp '>' exp .

    TOK_OR   desplazar e ir al estado 105
    TOK_AND  desplazar e ir al estado 106
    '+'      desplazar e ir al estado 107
    '-'      desplazar e ir al estado 108
    '*'      desplazar e ir al estado 109
    '/'      desplazar e ir al estado 110

    $default  reduce usando la regla 98 (comparacion)


Estado 168

   85 exp: identificador_clase TOK_IDENTIFICADOR '(' lista_expresiones . ')'

    ')'  desplazar e ir al estado 184


Estado 169

   63 condicional: TOK_IF '(' exp ')' '{' . sentencias '}'
   64            | TOK_IF '(' exp ')' '{' . sentencias '}' TOK_ELSE '{' sentencias '}'

    TOK_DISCARD        desplazar e ir al estado 32
    TOK_ITSELF         desplazar e ir al estado 33
    TOK_RETURN         desplazar e ir al estado 34
    TOK_IF             desplazar e ir al estado 35
    TOK_WHILE          desplazar e ir al estado 36
    TOK_SCANF          desplazar e ir al estado 37
    TOK_PRINTF         desplazar e ir al estado 38
    TOK_IDENTIFICADOR  desplazar e ir al estado 39

    sentencias           ir al estado 185
    sentencia            ir al estado 41
    sentencia_simple     ir al estado 42
    destruir_objeto      ir al estado 43
    bloque               ir al estado 44
    asignacion           ir al estado 45
    elemento_vector      ir al estado 46
    condicional          ir al estado 47
    bucle                ir al estado 48
    lectura              ir al estado 49
    escritura            ir al estado 50
    retorno_funcion      ir al estado 51
    identificador_clase  ir al estado 52


Estado 170

   65 bucle: TOK_WHILE exp '{' sentencias '}' .

    $default  reduce usando la regla 65 (bucle)


Estado 171

   71 exp: exp . '+' exp
   72    | exp . '-' exp
   73    | exp . '/' exp
   74    | exp . '*' exp
   76    | exp . TOK_AND exp
   77    | exp . TOK_OR exp
   91 resto_lista_expresiones: ',' exp . resto_lista_expresiones

    TOK_OR   desplazar e ir al estado 105
    TOK_AND  desplazar e ir al estado 106
    '+'      desplazar e ir al estado 107
    '-'      desplazar e ir al estado 108
    '*'      desplazar e ir al estado 109
    '/'      desplazar e ir al estado 110
    ','      desplazar e ir al estado 146

    $default  reduce usando la regla 92 (resto_lista_expresiones)

    resto_lista_expresiones  ir al estado 186


Estado 172

   60 asignacion: TOK_IDENTIFICADOR '=' TOK_INSTANCE_OF TOK_IDENTIFICADOR '(' . lista_expresiones ')'

    TOK_ITSELF            desplazar e ir al estado 33
    TOK_IDENTIFICADOR     desplazar e ir al estado 67
    TOK_CONSTANTE_ENTERA  desplazar e ir al estado 68
    TOK_FALSE             desplazar e ir al estado 69
    TOK_TRUE              desplazar e ir al estado 70
    '-'                   desplazar e ir al estado 71
    '!'                   desplazar e ir al estado 72
    '('                   desplazar e ir al estado 73

    $default  reduce usando la regla 90 (lista_expresiones)

    elemento_vector      ir al estado 74
    exp                  ir al estado 115
    identificador_clase  ir al estado 76
    lista_expresiones    ir al estado 187
    constante            ir al estado 77
    constante_logica     ir al estado 78
    constante_entera     ir al estado 79


Estado 173

   59 asignacion: elemento_vector '=' TOK_INSTANCE_OF TOK_IDENTIFICADOR '(' . lista_expresiones ')'

    TOK_ITSELF            desplazar e ir al estado 33
    TOK_IDENTIFICADOR     desplazar e ir al estado 67
    TOK_CONSTANTE_ENTERA  desplazar e ir al estado 68
    TOK_FALSE             desplazar e ir al estado 69
    TOK_TRUE              desplazar e ir al estado 70
    '-'                   desplazar e ir al estado 71
    '!'                   desplazar e ir al estado 72
    '('                   desplazar e ir al estado 73

    $default  reduce usando la regla 90 (lista_expresiones)

    elemento_vector      ir al estado 74
    exp                  ir al estado 115
    identificador_clase  ir al estado 76
    lista_expresiones    ir al estado 188
    constante            ir al estado 77
    constante_logica     ir al estado 78
    constante_entera     ir al estado 79


Estado 174

   51 sentencia_simple: identificador_clase '.' TOK_IDENTIFICADOR '(' lista_expresiones . ')'

    ')'  desplazar e ir al estado 189


Estado 175

   61 asignacion: identificador_clase '.' TOK_IDENTIFICADOR '=' exp .
   71 exp: exp . '+' exp
   72    | exp . '-' exp
   73    | exp . '/' exp
   74    | exp . '*' exp
   76    | exp . TOK_AND exp
   77    | exp . TOK_OR exp

    TOK_OR   desplazar e ir al estado 105
    TOK_AND  desplazar e ir al estado 106
    '+'      desplazar e ir al estado 107
    '-'      desplazar e ir al estado 108
    '*'      desplazar e ir al estado 109
    '/'      desplazar e ir al estado 110

    $default  reduce usando la regla 61 (asignacion)


Estado 176

   39 parametro_funcion: tipo TOK_IDENTIFICADOR .

    $default  reduce usando la regla 39 (parametro_funcion)


Estado 177

   40 parametro_funcion: clase_objeto TOK_IDENTIFICADOR .

    $default  reduce usando la regla 40 (parametro_funcion)


Estado 178

   31 funcion: TOK_FUNCTION modificadores_acceso tipo_retorno TOK_IDENTIFICADOR '(' parametros_funcion ')' . '{' declaraciones_funcion sentencias '}'

    '{'  desplazar e ir al estado 190


Estado 179

   37 resto_parametros_funcion: ';' . parametro_funcion resto_parametros_funcion

    TOK_INT      desplazar e ir al estado 21
    TOK_BOOLEAN  desplazar e ir al estado 22
    '{'          desplazar e ir al estado 24

    tipo               ir al estado 153
    clase_objeto       ir al estado 154
    parametro_funcion  ir al estado 191


Estado 180

   35 parametros_funcion: parametro_funcion resto_parametros_funcion .

    $default  reduce usando la regla 35 (parametros_funcion)


Estado 181

   26 clase_vector: TOK_ARRAY tipo '[' constante_entera ',' constante_entera . ']'

    ']'  desplazar e ir al estado 192


Estado 182

   18 declaracion_clase: modificadores_clase TOK_CLASS TOK_IDENTIFICADOR TOK_INHERITS identificadores '{' . declaraciones funciones '}'

    TOK_HIDDEN   desplazar e ir al estado 5
    TOK_SECRET   desplazar e ir al estado 6
    TOK_EXPOSED  desplazar e ir al estado 7
    TOK_UNIQUE   desplazar e ir al estado 8

    $default  reduce usando la regla 14 (modificadores_acceso)

    declaraciones         ir al estado 193
    declaracion           ir al estado 11
    modificadores_acceso  ir al estado 12


Estado 183

   19 declaracion_clase: modificadores_clase TOK_CLASS TOK_IDENTIFICADOR '{' declaraciones funciones . '}'

    '}'  desplazar e ir al estado 194


Estado 184

   85 exp: identificador_clase TOK_IDENTIFICADOR '(' lista_expresiones ')' .

    $default  reduce usando la regla 85 (exp)


Estado 185

   63 condicional: TOK_IF '(' exp ')' '{' sentencias . '}'
   64            | TOK_IF '(' exp ')' '{' sentencias . '}' TOK_ELSE '{' sentencias '}'

    '}'  desplazar e ir al estado 195


Estado 186

   91 resto_lista_expresiones: ',' exp resto_lista_expresiones .

    $default  reduce usando la regla 91 (resto_lista_expresiones)


Estado 187

   60 asignacion: TOK_IDENTIFICADOR '=' TOK_INSTANCE_OF TOK_IDENTIFICADOR '(' lista_expresiones . ')'

    ')'  desplazar e ir al estado 196


Estado 188

   59 asignacion: elemento_vector '=' TOK_INSTANCE_OF TOK_IDENTIFICADOR '(' lista_expresiones . ')'

    ')'  desplazar e ir al estado 197


Estado 189

   51 sentencia_simple: identificador_clase '.' TOK_IDENTIFICADOR '(' lista_expresiones ')' .

    $default  reduce usando la regla 51 (sentencia_simple)


Estado 190

   31 funcion: TOK_FUNCTION modificadores_acceso tipo_retorno TOK_IDENTIFICADOR '(' parametros_funcion ')' '{' . declaraciones_funcion sentencias '}'

    TOK_HIDDEN   desplazar e ir al estado 5
    TOK_SECRET   desplazar e ir al estado 6
    TOK_EXPOSED  desplazar e ir al estado 7
    TOK_UNIQUE   desplazar e ir al estado 8

    TOK_CLASS    reduce usando la regla 14 (modificadores_acceso)
    TOK_INT      reduce usando la regla 14 (modificadores_acceso)
    TOK_BOOLEAN  reduce usando la regla 14 (modificadores_acceso)
    TOK_ARRAY    reduce usando la regla 14 (modificadores_acceso)
    '{'          reduce usando la regla 14 (modificadores_acceso)
    $default     reduce usando la regla 42 (declaraciones_funcion)

    declaraciones          ir al estado 198
    declaracion            ir al estado 11
    modificadores_acceso   ir al estado 12
    declaraciones_funcion  ir al estado 199


Estado 191

   37 resto_parametros_funcion: ';' parametro_funcion . resto_parametros_funcion

    ';'  desplazar e ir al estado 179

    $default  reduce usando la regla 38 (resto_parametros_funcion)

    resto_parametros_funcion  ir al estado 200


Estado 192

   26 clase_vector: TOK_ARRAY tipo '[' constante_entera ',' constante_entera ']' .

    $default  reduce usando la regla 26 (clase_vector)


Estado 193

   18 declaracion_clase: modificadores_clase TOK_CLASS TOK_IDENTIFICADOR TOK_INHERITS identificadores '{' declaraciones . funciones '}'

    TOK_FUNCTION  desplazar e ir al estado 9

    $default  reduce usando la regla 30 (funciones)

    funciones  ir al estado 201
    funcion    ir al estado 14


Estado 194

   19 declaracion_clase: modificadores_clase TOK_CLASS TOK_IDENTIFICADOR '{' declaraciones funciones '}' .

    $default  reduce usando la regla 19 (declaracion_clase)


Estado 195

   63 condicional: TOK_IF '(' exp ')' '{' sentencias '}' .
   64            | TOK_IF '(' exp ')' '{' sentencias '}' . TOK_ELSE '{' sentencias '}'

    TOK_ELSE  desplazar e ir al estado 202

    $default  reduce usando la regla 63 (condicional)


Estado 196

   60 asignacion: TOK_IDENTIFICADOR '=' TOK_INSTANCE_OF TOK_IDENTIFICADOR '(' lista_expresiones ')' .

    $default  reduce usando la regla 60 (asignacion)


Estado 197

   59 asignacion: elemento_vector '=' TOK_INSTANCE_OF TOK_IDENTIFICADOR '(' lista_expresiones ')' .

    $default  reduce usando la regla 59 (asignacion)


Estado 198

   41 declaraciones_funcion: declaraciones .

    $default  reduce usando la regla 41 (declaraciones_funcion)


Estado 199

   31 funcion: TOK_FUNCTION modificadores_acceso tipo_retorno TOK_IDENTIFICADOR '(' parametros_funcion ')' '{' declaraciones_funcion . sentencias '}'

    TOK_DISCARD        desplazar e ir al estado 32
    TOK_ITSELF         desplazar e ir al estado 33
    TOK_RETURN         desplazar e ir al estado 34
    TOK_IF             desplazar e ir al estado 35
    TOK_WHILE          desplazar e ir al estado 36
    TOK_SCANF          desplazar e ir al estado 37
    TOK_PRINTF         desplazar e ir al estado 38
    TOK_IDENTIFICADOR  desplazar e ir al estado 39

    sentencias           ir al estado 203
    sentencia            ir al estado 41
    sentencia_simple     ir al estado 42
    destruir_objeto      ir al estado 43
    bloque               ir al estado 44
    asignacion           ir al estado 45
    elemento_vector      ir al estado 46
    condicional          ir al estado 47
    bucle                ir al estado 48
    lectura              ir al estado 49
    escritura            ir al estado 50
    retorno_funcion      ir al estado 51
    identificador_clase  ir al estado 52


Estado 200

   37 resto_parametros_funcion: ';' parametro_funcion resto_parametros_funcion .

    $default  reduce usando la regla 37 (resto_parametros_funcion)


Estado 201

   18 declaracion_clase: modificadores_clase TOK_CLASS TOK_IDENTIFICADOR TOK_INHERITS identificadores '{' declaraciones funciones . '}'

    '}'  desplazar e ir al estado 204


Estado 202

   64 condicional: TOK_IF '(' exp ')' '{' sentencias '}' TOK_ELSE . '{' sentencias '}'

    '{'  desplazar e ir al estado 205


Estado 203

   31 funcion: TOK_FUNCTION modificadores_acceso tipo_retorno TOK_IDENTIFICADOR '(' parametros_funcion ')' '{' declaraciones_funcion sentencias . '}'

    '}'  desplazar e ir al estado 206


Estado 204

   18 declaracion_clase: modificadores_clase TOK_CLASS TOK_IDENTIFICADOR TOK_INHERITS identificadores '{' declaraciones funciones '}' .

    $default  reduce usando la regla 18 (declaracion_clase)


Estado 205

   64 condicional: TOK_IF '(' exp ')' '{' sentencias '}' TOK_ELSE '{' . sentencias '}'

    TOK_DISCARD        desplazar e ir al estado 32
    TOK_ITSELF         desplazar e ir al estado 33
    TOK_RETURN         desplazar e ir al estado 34
    TOK_IF             desplazar e ir al estado 35
    TOK_WHILE          desplazar e ir al estado 36
    TOK_SCANF          desplazar e ir al estado 37
    TOK_PRINTF         desplazar e ir al estado 38
    TOK_IDENTIFICADOR  desplazar e ir al estado 39

    sentencias           ir al estado 207
    sentencia            ir al estado 41
    sentencia_simple     ir al estado 42
    destruir_objeto      ir al estado 43
    bloque               ir al estado 44
    asignacion           ir al estado 45
    elemento_vector      ir al estado 46
    condicional          ir al estado 47
    bucle                ir al estado 48
    lectura              ir al estado 49
    escritura            ir al estado 50
    retorno_funcion      ir al estado 51
    identificador_clase  ir al estado 52


Estado 206

   31 funcion: TOK_FUNCTION modificadores_acceso tipo_retorno TOK_IDENTIFICADOR '(' parametros_funcion ')' '{' declaraciones_funcion sentencias '}' .

    $default  reduce usando la regla 31 (funcion)


Estado 207

   64 condicional: TOK_IF '(' exp ')' '{' sentencias '}' TOK_ELSE '{' sentencias . '}'

    '}'  desplazar e ir al estado 208


Estado 208

   64 condicional: TOK_IF '(' exp ')' '{' sentencias '}' TOK_ELSE '{' sentencias '}' .

    $default  reduce usando la regla 64 (condicional)
